<?xml version="1.0" encoding="UTF-8"?>
<testsuite name="org.hipi.test.OpenCVMatWritableTestCase" tests="12" skipped="1" failures="0" errors="0" timestamp="2015-08-12T17:38:08" hostname="Zacks-MacBook-Pro.local" time="0.014">
  <properties/>
  <testcase name="serializeAndRecreateSignedByteMat" classname="org.hipi.test.OpenCVMatWritableTestCase" time="0.007"/>
  <testcase name="testMatConstructor" classname="org.hipi.test.OpenCVMatWritableTestCase" time="0.0"/>
  <testcase name="serializeAndRecreateFloatMat" classname="org.hipi.test.OpenCVMatWritableTestCase" time="0.0"/>
  <testcase name="serializeAndRecreateUnsignedShortMat" classname="org.hipi.test.OpenCVMatWritableTestCase" time="0.0"/>
  <testcase name="testDefaultConstructorMatDimensions" classname="org.hipi.test.OpenCVMatWritableTestCase" time="0.0"/>
  <testcase name="testSetMatWithNullInput" classname="org.hipi.test.OpenCVMatWritableTestCase" time="0.0"/>
  <testcase name="testDefaultConstructorMatParameters" classname="org.hipi.test.OpenCVMatWritableTestCase" time="0.0"/>
  <testcase name="serializeAndRecreateSignedShortMat" classname="org.hipi.test.OpenCVMatWritableTestCase" time="0.0"/>
  <testcase name="serializeAndRecreateDoubleMat" classname="org.hipi.test.OpenCVMatWritableTestCase" time="0.0"/>
  <testcase name="testSetMatWithInvalidDimensions" classname="org.hipi.test.OpenCVMatWritableTestCase" time="0.0">
    <skipped/>
  </testcase>
  <testcase name="testOpenCVImport" classname="org.hipi.test.OpenCVMatWritableTestCase" time="0.001"/>
  <testcase name="serializeAndRecreateSignedIntMat" classname="org.hipi.test.OpenCVMatWritableTestCase" time="0.0"/>
  <system-out><![CDATA[]]></system-out>
  <system-err><![CDATA[]]></system-err>
</testsuite>
