<?xml version="1.0" encoding="UTF-8"?>
<testsuite name="org.hipi.test.PixelArrayTestCase" tests="8" skipped="1" failures="0" errors="0" timestamp="2015-08-05T18:49:50" hostname="Zacks-MacBook-Pro.local" time="0.11">
  <properties/>
  <testcase name="testPrintSRGBLUT" classname="org.hipi.test.PixelArrayTestCase" time="0.0">
    <skipped/>
  </testcase>
  <testcase name="testClamp" classname="org.hipi.test.PixelArrayTestCase" time="0.0"/>
  <testcase name="testOutOfBounds" classname="org.hipi.test.PixelArrayTestCase" time="0.0"/>
  <testcase name="testInvalidSizePixelArrayByte" classname="org.hipi.test.PixelArrayTestCase" time="0.0"/>
  <testcase name="testAllocations" classname="org.hipi.test.PixelArrayTestCase" time="0.0"/>
  <testcase name="testInvalidSizePixelArrayFloat" classname="org.hipi.test.PixelArrayTestCase" time="0.0"/>
  <testcase name="testByteConversions" classname="org.hipi.test.PixelArrayTestCase" time="0.0"/>
  <testcase name="testFloatConversions" classname="org.hipi.test.PixelArrayTestCase" time="0.106"/>
  <system-out><![CDATA[]]></system-out>
  <system-err><![CDATA[]]></system-err>
</testsuite>
