<?xml version="1.0" encoding="UTF-8"?>
<testsuite name="org.hipi.test.HipiImageBundleTestCase" tests="3" skipped="0" failures="0" errors="0" timestamp="2015-08-12T17:35:21" hostname="Zacks-MacBook-Pro.local" time="17.234">
  <properties/>
  <testcase name="testOffsets" classname="org.hipi.test.HipiImageBundleTestCase" time="0.034"/>
  <testcase name="testAppend" classname="org.hipi.test.HipiImageBundleTestCase" time="5.016"/>
  <testcase name="testIterator" classname="org.hipi.test.HipiImageBundleTestCase" time="12.18"/>
  <system-out><![CDATA[HipiImageBundle#setup
HIPI: Using default blockSize of [33554432].
HIPI: Using default replication factor of [1].
ADDING IMAGE: ../testdata/jpeg-rgb/01.JPEG
ImageHeader: (1 1) 3456 x 2304 x 3 meta: {"path":"..\/testdata\/jpeg-rgb\/01.JPEG"}
ADDING IMAGE: ../testdata/jpeg-rgb/02.JPG
ImageHeader: (1 1) 3072 x 2304 x 3 meta: {"path":"..\/testdata\/jpeg-rgb\/02.JPG"}
ADDING IMAGE: ../testdata/jpeg-rgb/03.jpg
ImageHeader: (1 1) 2592 x 1944 x 3 meta: {"path":"..\/testdata\/jpeg-rgb\/03.jpg"}
ADDING IMAGE: ../testdata/jpeg-rgb/04.jpg
ImageHeader: (1 1) 3072 x 2304 x 3 meta: {"path":"..\/testdata\/jpeg-rgb\/04.jpg"}
ADDING IMAGE: ../testdata/jpeg-rgb/05.jpg
ImageHeader: (1 1) 3456 x 2304 x 3 meta: {"path":"..\/testdata\/jpeg-rgb\/05.jpg"}
ADDING IMAGE: ../testdata/jpeg-rgb/canon-ixus.jpg
ImageHeader: (1 1) 640 x 480 x 3 meta: {"path":"..\/testdata\/jpeg-rgb\/canon-ixus.jpg"}
ADDING IMAGE: ../testdata/jpeg-rgb/cat.jpg
ImageHeader: (1 1) 500 x 375 x 3 meta: {"path":"..\/testdata\/jpeg-rgb\/cat.jpg"}
DONE
testOffsets
[2175103, 6823640, 9309588, 12349470, 14445907, 14574029, 14700480]
2175103
6823640
9309588
12349470
14445907
14574029
14700480
testAppend
HIPI: Using default blockSize of [33554432].
HIPI: Using default replication factor of [1].
HIPI: Using default blockSize of [33554432].
HIPI: Using default replication factor of [1].
HIPI: Using default blockSize of [33554432].
HIPI: Using default replication factor of [1].
VERIFYING IMAGE: 01.JPEG
ImageHeader: (1 1) 3456 x 2304 x 3 meta: {}
ByteImage: 3456 x 2304 x 3 [(182 192 194) (181 191 193) (181 189 192) (182 190 193) (183 191 194) (183 191 194) (181 189 192) (180 188 191) (181 189 192) (181 189 192)]
VERIFYING IMAGE: 02.JPG
ImageHeader: (1 1) 3072 x 2304 x 3 meta: {}
ByteImage: 3072 x 2304 x 3 [(58 79 38) (58 77 32) (76 96 45) (101 118 63) (126 145 81) (163 179 114) (117 134 66) (85 102 34) (80 102 30) (86 108 36)]
VERIFYING IMAGE: 03.jpg
ImageHeader: (1 1) 2592 x 1944 x 3 meta: {}
ByteImage: 2592 x 1944 x 3 [(161 180 210) (162 181 211) (163 183 210) (163 183 210) (166 183 209) (168 185 211) (169 187 211) (169 187 211) (171 189 213) (169 187 211)]
VERIFYING IMAGE: 04.jpg
ImageHeader: (1 1) 3072 x 2304 x 3 meta: {}
ByteImage: 3072 x 2304 x 3 [(125 34 52) (121 27 51) (123 24 55) (125 20 60) (122 15 61) (119 9 58) (130 18 66) (128 18 65) (133 26 72) (122 19 66)]
DONE
VERIFYING IMAGE: 0
ImageHeader: (1 1) 3456 x 2304 x 3 meta: {"path":"..\/testdata\/jpeg-rgb\/01.JPEG"}
sourcePath: ../testdata/jpeg-rgb/01.JPEG
ByteImage: 3456 x 2304 x 3 [(182 192 194) (181 191 193) (181 189 192) (182 190 193) (183 191 194) (183 191 194) (181 189 192) (180 188 191) (181 189 192) (181 189 192)]
VERIFYING IMAGE: 1
ImageHeader: (1 1) 3072 x 2304 x 3 meta: {"path":"..\/testdata\/jpeg-rgb\/02.JPG"}
sourcePath: ../testdata/jpeg-rgb/02.JPG
ByteImage: 3072 x 2304 x 3 [(58 79 38) (58 77 32) (76 96 45) (101 118 63) (126 145 81) (163 179 114) (117 134 66) (85 102 34) (80 102 30) (86 108 36)]
VERIFYING IMAGE: 2
ImageHeader: (1 1) 2592 x 1944 x 3 meta: {"path":"..\/testdata\/jpeg-rgb\/03.jpg"}
sourcePath: ../testdata/jpeg-rgb/03.jpg
ByteImage: 2592 x 1944 x 3 [(161 180 210) (162 181 211) (163 183 210) (163 183 210) (166 183 209) (168 185 211) (169 187 211) (169 187 211) (171 189 213) (169 187 211)]
VERIFYING IMAGE: 3
ImageHeader: (1 1) 3072 x 2304 x 3 meta: {"path":"..\/testdata\/jpeg-rgb\/04.jpg"}
sourcePath: ../testdata/jpeg-rgb/04.jpg
ByteImage: 3072 x 2304 x 3 [(125 34 52) (121 27 51) (123 24 55) (125 20 60) (122 15 61) (119 9 58) (130 18 66) (128 18 65) (133 26 72) (122 19 66)]
VERIFYING IMAGE: 4
ImageHeader: (1 1) 3456 x 2304 x 3 meta: {"path":"..\/testdata\/jpeg-rgb\/05.jpg"}
sourcePath: ../testdata/jpeg-rgb/05.jpg
ByteImage: 3456 x 2304 x 3 [(209 234 255) (210 235 255) (210 236 255) (208 234 255) (210 236 255) (210 236 255) (205 231 255) (197 221 255) (187 210 251) (201 223 255)]
VERIFYING IMAGE: 5
ImageHeader: (1 1) 640 x 480 x 3 meta: {"path":"..\/testdata\/jpeg-rgb\/canon-ixus.jpg"}
sourcePath: ../testdata/jpeg-rgb/canon-ixus.jpg
ByteImage: 640 x 480 x 3 [(255 251 253) (255 251 253) (255 251 253) (255 251 253) (255 251 253) (255 251 253) (255 251 253) (255 251 253) (255 251 253) (255 251 253)]
VERIFYING IMAGE: 6
ImageHeader: (1 1) 500 x 375 x 3 meta: {"path":"..\/testdata\/jpeg-rgb\/cat.jpg"}
sourcePath: ../testdata/jpeg-rgb/cat.jpg
ByteImage: 500 x 375 x 3 [(187 179 143) (193 180 148) (198 183 154) (188 174 147) (183 173 146) (177 172 142) (172 166 134) (176 167 134) (164 164 126) (166 163 128)]
VERIFYING IMAGE: 0
ImageHeader: (1 1) 3456 x 2304 x 3 meta: {"path":"..\/testdata\/jpeg-rgb\/01.JPEG"}
sourcePath: ../testdata/jpeg-rgb/01.JPEG
FloatImage: 3456 x 2304 x 3 [(0.47 0.53 0.54) (0.46 0.52 0.53) (0.46 0.51 0.53) (0.47 0.51 0.53) (0.47 0.52 0.54) (0.47 0.52 0.54) (0.46 0.51 0.53) (0.46 0.50 0.52) (0.46 0.51 0.53) (0.46 0.51 0.53)]
VERIFYING IMAGE: 1
ImageHeader: (1 1) 3072 x 2304 x 3 meta: {"path":"..\/testdata\/jpeg-rgb\/02.JPG"}
sourcePath: ../testdata/jpeg-rgb/02.JPG
FloatImage: 3072 x 2304 x 3 [(0.04 0.08 0.02) (0.04 0.07 0.01) (0.07 0.12 0.03) (0.13 0.18 0.05) (0.21 0.28 0.08) (0.37 0.45 0.17) (0.18 0.24 0.05) (0.09 0.13 0.02) (0.08 0.13 0.01) (0.09 0.15 0.02)]
VERIFYING IMAGE: 2
ImageHeader: (1 1) 2592 x 1944 x 3 meta: {"path":"..\/testdata\/jpeg-rgb\/03.jpg"}
sourcePath: ../testdata/jpeg-rgb/03.jpg
FloatImage: 2592 x 1944 x 3 [(0.36 0.46 0.64) (0.36 0.46 0.65) (0.37 0.47 0.64) (0.37 0.47 0.64) (0.38 0.47 0.64) (0.39 0.49 0.65) (0.40 0.50 0.65) (0.40 0.50 0.65) (0.41 0.51 0.67) (0.40 0.50 0.65)]
VERIFYING IMAGE: 3
ImageHeader: (1 1) 3072 x 2304 x 3 meta: {"path":"..\/testdata\/jpeg-rgb\/04.jpg"}
sourcePath: ../testdata/jpeg-rgb/04.jpg
FloatImage: 3072 x 2304 x 3 [(0.21 0.02 0.03) (0.19 0.01 0.03) (0.20 0.01 0.04) (0.21 0.01 0.05) (0.19 0.00 0.05) (0.18 0.00 0.04) (0.22 0.01 0.05) (0.22 0.01 0.05) (0.23 0.01 0.06) (0.19 0.01 0.05)]
VERIFYING IMAGE: 4
ImageHeader: (1 1) 3456 x 2304 x 3 meta: {"path":"..\/testdata\/jpeg-rgb\/05.jpg"}
sourcePath: ../testdata/jpeg-rgb/05.jpg
FloatImage: 3456 x 2304 x 3 [(0.64 0.82 1.00) (0.64 0.83 1.00) (0.64 0.84 1.00) (0.63 0.82 1.00) (0.64 0.84 1.00) (0.64 0.84 1.00) (0.61 0.80 1.00) (0.56 0.72 1.00) (0.50 0.64 0.96) (0.58 0.74 1.00)]
VERIFYING IMAGE: 5
ImageHeader: (1 1) 640 x 480 x 3 meta: {"path":"..\/testdata\/jpeg-rgb\/canon-ixus.jpg"}
sourcePath: ../testdata/jpeg-rgb/canon-ixus.jpg
FloatImage: 640 x 480 x 3 [(1.00 0.96 0.98) (1.00 0.96 0.98) (1.00 0.96 0.98) (1.00 0.96 0.98) (1.00 0.96 0.98) (1.00 0.96 0.98) (1.00 0.96 0.98) (1.00 0.96 0.98) (1.00 0.96 0.98) (1.00 0.96 0.98)]
VERIFYING IMAGE: 6
ImageHeader: (1 1) 500 x 375 x 3 meta: {"path":"..\/testdata\/jpeg-rgb\/cat.jpg"}
sourcePath: ../testdata/jpeg-rgb/cat.jpg
FloatImage: 500 x 375 x 3 [(0.50 0.45 0.27) (0.53 0.46 0.30) (0.56 0.47 0.32) (0.50 0.42 0.29) (0.47 0.42 0.29) (0.44 0.41 0.27) (0.41 0.38 0.24) (0.43 0.39 0.24) (0.37 0.37 0.21) (0.38 0.37 0.22)]
]]></system-out>
  <system-err><![CDATA[log4j:WARN No appenders could be found for logger (org.apache.hadoop.util.Shell).
log4j:WARN Please initialize the log4j system properly.
log4j:WARN See http://logging.apache.org/log4j/1.2/faq.html#noconfig for more info.
]]></system-err>
</testsuite>
